[    0.000000] Initializing cgroup subsys cpuset
[    0.000000] Initializing cgroup subsys cpu
[    0.000000] Initializing cgroup subsys cpuacct
[    0.000000] Linux version 4.4.0-204-generic (buildd@lgw01-amd64-018) (gcc version 5.4.0 20160609 (Ubuntu 5.4.0-6ubuntu1~16.04.12) ) #236-Ubuntu SMP Fri Feb 19 16:11:27 UTC 2021 (Ubuntu 4.4.0-204.236-generic 4.4.254)
[    0.000000] Command line: BOOT_IMAGE=/boot/vmlinuz-4.4.0-204-generic root=LABEL=cloudimg-rootfs ro console=tty1 console=ttyS0
[    0.000000] KERNEL supported cpus:
[    0.000000]   Intel GenuineIntel
[    0.000000]   AMD AuthenticAMD
[    0.000000]   Centaur CentaurHauls
[    0.000000] x86/fpu: xstate_offset[2]:  576, xstate_sizes[2]:  256
[    0.000000] x86/fpu: Supporting XSAVE feature 0x01: 'x87 floating point registers'
[    0.000000] x86/fpu: Supporting XSAVE feature 0x02: 'SSE registers'
[    0.000000] x86/fpu: Supporting XSAVE feature 0x04: 'AVX registers'
[    0.000000] x86/fpu: Enabled xstate features 0x7, context size is 832 bytes, using 'standard' format.
[    0.000000] e820: BIOS-provided physical RAM map:
[    0.000000] BIOS-e820: [mem 0x0000000000000000-0x000000000009fbff] usable
[    0.000000] BIOS-e820: [mem 0x000000000009fc00-0x000000000009ffff] reserved
[    0.000000] BIOS-e820: [mem 0x00000000000f0000-0x00000000000fffff] reserved
[    0.000000] BIOS-e820: [mem 0x0000000000100000-0x000000003ffeffff] usable
[    0.000000] BIOS-e820: [mem 0x000000003fff0000-0x000000003fffffff] ACPI data
[    0.000000] BIOS-e820: [mem 0x00000000fec00000-0x00000000fec00fff] reserved
[    0.000000] BIOS-e820: [mem 0x00000000fee00000-0x00000000fee00fff] reserved
[    0.000000] BIOS-e820: [mem 0x00000000fffc0000-0x00000000ffffffff] reserved
[    0.000000] NX (Execute Disable) protection: active
[    0.000000] SMBIOS 2.5 present.
[    0.000000] Hypervisor detected: KVM
[    0.000000] e820: last_pfn = 0x3fff0 max_arch_pfn = 0x400000000
[    0.000000] MTRR: Disabled
[    0.000000] x86/PAT: MTRRs disabled, skipping PAT initialization too.
[    0.000000] CPU MTRRs all blank - virtualized system.
[    0.000000] x86/PAT: Configuration [0-7]: WB  WT  UC- UC  WB  WT  UC- UC  
[    0.000000] found SMP MP-table at [mem 0x0009fff0-0x0009ffff] mapped at [ffff88000009fff0]
[    0.000000] Scanning 1 areas for low memory corruption
[    0.000000] RAMDISK: [mem 0x362de000-0x37166fff]
[    0.000000] ACPI: Early table checksum verification disabled
[    0.000000] ACPI: RSDP 0x00000000000E0000 000024 (v02 VBOX  )
[    0.000000] ACPI: XSDT 0x000000003FFF0030 00003C (v01 VBOX   VBOXXSDT 00000001 ASL  00000061)
[    0.000000] ACPI: FACP 0x000000003FFF00F0 0000F4 (v04 VBOX   VBOXFACP 00000001 ASL  00000061)
[    0.000000] ACPI: DSDT 0x000000003FFF0470 002325 (v02 VBOX   VBOXBIOS 00000002 INTL 20190509)
[    0.000000] ACPI: FACS 0x000000003FFF0200 000040
[    0.000000] ACPI: FACS 0x000000003FFF0200 000040
[    0.000000] ACPI: APIC 0x000000003FFF0240 00005C (v02 VBOX   VBOXAPIC 00000001 ASL  00000061)
[    0.000000] ACPI: SSDT 0x000000003FFF02A0 0001CC (v01 VBOX   VBOXCPUT 00000002 INTL 20190509)
[    0.000000] No NUMA configuration found
[    0.000000] Faking a node at [mem 0x0000000000000000-0x000000003ffeffff]
[    0.000000] NODE_DATA(0) allocated [mem 0x3ffeb000-0x3ffeffff]
[    0.000000] kvm-clock: Using msrs 4b564d01 and 4b564d00
[    0.000000] kvm-clock: cpu 0, msr 0:3ffe3001, primary cpu clock
[    0.000000] kvm-clock: using sched offset of 4148343101 cycles
[    0.000000] clocksource: kvm-clock: mask: 0xffffffffffffffff max_cycles: 0x1cd42e4dffb, max_idle_ns: 881590591483 ns
[    0.000000] Zone ranges:
[    0.000000]   DMA      [mem 0x0000000000001000-0x0000000000ffffff]
[    0.000000]   DMA32    [mem 0x0000000001000000-0x000000003ffeffff]
[    0.000000]   Normal   empty
[    0.000000]   Device   empty
[    0.000000] Movable zone start for each node
[    0.000000] Early memory node ranges
[    0.000000]   node   0: [mem 0x0000000000001000-0x000000000009efff]
[    0.000000]   node   0: [mem 0x0000000000100000-0x000000003ffeffff]
[    0.000000] Initmem setup node 0 [mem 0x0000000000001000-0x000000003ffeffff]
[    0.000000] ACPI: PM-Timer IO Port: 0x4008
[    0.000000] IOAPIC[0]: apic_id 2, version 32, address 0xfec00000, GSI 0-23
[    0.000000] ACPI: INT_SRC_OVR (bus 0 bus_irq 0 global_irq 2 dfl dfl)
[    0.000000] ACPI: INT_SRC_OVR (bus 0 bus_irq 9 global_irq 9 low level)
[    0.000000] Using ACPI (MADT) for SMP configuration information
[    0.000000] smpboot: Allowing 2 CPUs, 0 hotplug CPUs
[    0.000000] PM: Registered nosave memory: [mem 0x00000000-0x00000fff]
[    0.000000] PM: Registered nosave memory: [mem 0x0009f000-0x0009ffff]
[    0.000000] PM: Registered nosave memory: [mem 0x000a0000-0x000effff]
[    0.000000] PM: Registered nosave memory: [mem 0x000f0000-0x000fffff]
[    0.000000] e820: [mem 0x40000000-0xfebfffff] available for PCI devices
[    0.000000] Booting paravirtualized kernel on KVM
[    0.000000] clocksource: refined-jiffies: mask: 0xffffffff max_cycles: 0xffffffff, max_idle_ns: 7645519600211568 ns
[    0.000000] setup_percpu: NR_CPUS:512 nr_cpumask_bits:512 nr_cpu_ids:2 nr_node_ids:1
[    0.000000] PERCPU: Embedded 33 pages/cpu @ffff88003fc00000 s95640 r8192 d31336 u1048576
[    0.000000] Built 1 zonelists in Node order, mobility grouping on.  Total pages: 257912
[    0.000000] Policy zone: DMA32
[    0.000000] Kernel command line: BOOT_IMAGE=/boot/vmlinuz-4.4.0-204-generic root=LABEL=cloudimg-rootfs ro console=tty1 console=ttyS0
[    0.000000] PID hash table entries: 4096 (order: 3, 32768 bytes)
[    0.000000] Memory: 997656K/1048120K available (8641K kernel code, 1337K rwdata, 4044K rodata, 1496K init, 1296K bss, 50464K reserved, 0K cma-reserved)
[    0.000000] SLUB: HWalign=64, Order=0-3, MinObjects=0, CPUs=2, Nodes=1
[    0.000000] Kernel/User page tables isolation: enabled
[    0.000000] Hierarchical RCU implementation.
[    0.000000] 	Build-time adjustment of leaf fanout to 64.
[    0.000000] 	RCU restricting CPUs from NR_CPUS=512 to nr_cpu_ids=2.
[    0.000000] RCU: Adjusting geometry for rcu_fanout_leaf=64, nr_cpu_ids=2
[    0.000000] NR_IRQS:33024 nr_irqs:440 16
[    0.000000] Console: colour VGA+ 80x25
[    0.000000] console [tty1] enabled
[    0.000000] console [ttyS0] enabled
[    0.000000] tsc: Detected 2303.992 MHz processor
[    0.090584] Calibrating delay loop (skipped) preset value.. 4607.98 BogoMIPS (lpj=9215968)
[    0.091743] pid_max: default: 32768 minimum: 301
[    0.092349] ACPI: Core revision 20150930
[    0.093567] ACPI: 2 ACPI AML tables successfully acquired and loaded
[    0.094498] Security Framework initialized
[    0.095088] Yama: becoming mindful.
[    0.095617] AppArmor: AppArmor initialized
[    0.096257] Dentry cache hash table entries: 131072 (order: 8, 1048576 bytes)
[    0.097637] Inode-cache hash table entries: 65536 (order: 7, 524288 bytes)
[    0.098516] Mount-cache hash table entries: 2048 (order: 2, 16384 bytes)
[    0.099366] Mountpoint-cache hash table entries: 2048 (order: 2, 16384 bytes)
[    0.100310] Initializing cgroup subsys io
[    0.100923] Initializing cgroup subsys memory
[    0.101514] Initializing cgroup subsys devices
[    0.102133] Initializing cgroup subsys freezer
[    0.102717] Initializing cgroup subsys net_cls
[    0.103331] Initializing cgroup subsys perf_event
[    0.103966] Initializing cgroup subsys net_prio
[    0.104612] Initializing cgroup subsys hugetlb
[    0.105218] Initializing cgroup subsys pids
[    0.116026] mce: CPU supports 0 MCE banks
[    0.116640] Last level iTLB entries: 4KB 64, 2MB 8, 4MB 8
[    0.117334] Last level dTLB entries: 4KB 64, 2MB 0, 4MB 0, 1GB 4
[    0.118088] Spectre V1 : Mitigation: usercopy/swapgs barriers and __user pointer sanitization
[    0.119264] Spectre V2 : Mitigation: Full generic retpoline
[    0.119965] Spectre V2 : Spectre v2 / SpectreRSB mitigation: Filling RSB on context switch
[    0.121064] Speculative Store Bypass: Vulnerable
[    0.121663] SRBDS: Unknown: Dependent on hypervisor status
[    0.122431] MDS: Mitigation: Clear CPU buffers
[    0.125133] Freeing SMP alternatives memory: 36K
[    0.130393] ftrace: allocating 32368 entries in 127 pages
[    0.177808] smpboot: APIC(0) Converting physical 0 to logical package 0
[    0.178691] smpboot: Max logical packages: 1
[    0.179502] x2apic enabled
[    0.180160] Switched APIC routing to physical x2apic.
[    0.181740] ..TIMER: vector=0x30 apic1=0 pin1=2 apic2=-1 pin2=-1
[    0.290599] smpboot: CPU0: Intel(R) Core(TM) i5-8300H CPU @ 2.30GHz (family: 0x6, model: 0x9e, stepping: 0xa)
[    0.292087] Performance Events: unsupported p6 CPU model 158 no PMU driver, software events only.
[    0.301509] KVM setup paravirtual spinlock
[    0.302747] x86: Booting SMP configuration:
[    0.303374] .... node  #0, CPUs:      #1
[    0.304060] kvm-clock: cpu 1, msr 0:3ffe3041, secondary cpu clock
[    0.315006] mce: CPU supports 0 MCE banks
[    0.317397] x86: Booted up 1 node, 2 CPUs
[    0.318103] smpboot: Total of 2 processors activated (9215.96 BogoMIPS)
[    0.319310] devtmpfs: initialized
[    0.321463] evm: security.selinux
[    0.322005] evm: security.SMACK64
[    0.322500] evm: security.SMACK64EXEC
[    0.323012] evm: security.SMACK64TRANSMUTE
[    0.323584] evm: security.SMACK64MMAP
[    0.324226] evm: security.ima
[    0.324731] evm: security.capability
[    0.325410] clocksource: jiffies: mask: 0xffffffff max_cycles: 0xffffffff, max_idle_ns: 7645041785100000 ns
[    0.326672] futex hash table entries: 512 (order: 3, 32768 bytes)
[    0.327525] pinctrl core: initialized pinctrl subsystem
[    0.328349] RTC time: 16:25:39, date: 03/29/21
[    0.329185] NET: Registered protocol family 16
[    0.338425] cpuidle: using governor ladder
[    0.350173] cpuidle: using governor menu
[    0.352197] PCCT header not found.
[    0.354120] ACPI: bus type PCI registered
[    0.356076] acpiphp: ACPI Hot Plug PCI Controller Driver version: 0.5
[    0.359124] PCI: Using configuration type 1 for base access
[    0.376276] ACPI: Added _OSI(Module Device)
[    0.378545] ACPI: Added _OSI(Processor Device)
[    0.380759] ACPI: Added _OSI(3.0 _SCP Extensions)
[    0.383116] ACPI: Added _OSI(Processor Aggregator Device)
[    0.387149] ACPI: Executed 1 blocks of module-level executable AML code
[    0.392915] ACPI: Interpreter enabled
[    0.394062] ACPI: (supports S0 S5)
[    0.395138] ACPI: Using IOAPIC for interrupt routing
[    0.396700] PCI: Using host bridge windows from ACPI; if necessary, use "pci=nocrs" and report a bug
[    0.402815] ACPI: PCI Root Bridge [PCI0] (domain 0000 [bus 00-ff])
[    0.403934] acpi PNP0A03:00: _OSC: OS supports [ASPM ClockPM Segments MSI]
[    0.405472] acpi PNP0A03:00: _OSC: not requesting OS control; OS requires [ExtendedConfig ASPM ClockPM MSI]
[    0.407316] acpi PNP0A03:00: fail to add MMCONFIG information, can't access extended PCI configuration space under this bridge.
[    0.409358] PCI host bridge to bus 0000:00
[    0.410135] pci_bus 0000:00: root bus resource [io  0x0000-0x0cf7 window]
[    0.411190] pci_bus 0000:00: root bus resource [io  0x0d00-0xffff window]
[    0.412143] pci_bus 0000:00: root bus resource [mem 0x000a0000-0x000bffff window]
[    0.413356] pci_bus 0000:00: root bus resource [mem 0x40000000-0xfdffffff window]
[    0.414559] pci_bus 0000:00: root bus resource [bus 00-ff]
[    0.416589] pci 0000:00:01.1: legacy IDE quirk: reg 0x10: [io  0x01f0-0x01f7]
[    0.417502] pci 0000:00:01.1: legacy IDE quirk: reg 0x14: [io  0x03f6]
[    0.418342] pci 0000:00:01.1: legacy IDE quirk: reg 0x18: [io  0x0170-0x0177]
[    0.425899] pci 0000:00:01.1: legacy IDE quirk: reg 0x1c: [io  0x0376]
[    0.435683] pci 0000:00:07.0: quirk: [io  0x4000-0x403f] claimed by PIIX4 ACPI
[    0.436802] pci 0000:00:07.0: quirk: [io  0x4100-0x410f] claimed by PIIX4 SMB
[    0.440802] ACPI: PCI Interrupt Link [LNKA] (IRQs 5 9 10 *11)
[    0.442101] ACPI: PCI Interrupt Link [LNKB] (IRQs 5 9 *10 11)
[    0.443221] ACPI: PCI Interrupt Link [LNKC] (IRQs 5 *9 10 11)
[    0.444427] ACPI: PCI Interrupt Link [LNKD] (IRQs 5 9 10 *11)
[    0.445596] ACPI: Enabled 2 GPEs in block 00 to 07
[    0.446644] vgaarb: setting as boot device: PCI:0000:00:02.0
[    0.447369] vgaarb: device added: PCI:0000:00:02.0,decodes=io+mem,owns=io+mem,locks=none
[    0.448494] vgaarb: loaded
[    0.448966] vgaarb: bridge control possible 0000:00:02.0
[    0.449834] SCSI subsystem initialized
[    0.450546] ACPI: bus type USB registered
[    0.451140] usbcore: registered new interface driver usbfs
[    0.451886] usbcore: registered new interface driver hub
[    0.452623] usbcore: registered new device driver usb
[    0.453535] PCI: Using ACPI for IRQ routing
[    0.454771] NetLabel: Initializing
[    0.455302] NetLabel:  domain hash size = 128
[    0.455901] NetLabel:  protocols = UNLABELED CIPSOv4
[    0.456620] NetLabel:  unlabeled traffic allowed by default
[    0.457515] amd_nb: Cannot enumerate AMD northbridges
[    0.458284] clocksource: Switched to clocksource kvm-clock
[    0.463567] AppArmor: AppArmor Filesystem Enabled
[    0.464336] pnp: PnP ACPI init
[    0.465356] pnp: PnP ACPI: found 3 devices
[    0.473578] clocksource: acpi_pm: mask: 0xffffff max_cycles: 0xffffff, max_idle_ns: 2085701024 ns
[    0.474798] NET: Registered protocol family 2
[    0.475592] TCP established hash table entries: 8192 (order: 4, 65536 bytes)
[    0.476499] TCP bind hash table entries: 8192 (order: 5, 131072 bytes)
[    0.477289] TCP: Hash tables configured (established 8192 bind 8192)
[    0.478083] UDP hash table entries: 512 (order: 2, 16384 bytes)
[    0.478851] UDP-Lite hash table entries: 512 (order: 2, 16384 bytes)
[    0.479661] NET: Registered protocol family 1
[    0.480277] pci 0000:00:00.0: Limiting direct PCI/PCI transfers
[    0.481070] pci 0000:00:01.0: Activating ISA DMA hang workarounds
[    0.481924] Unpacking initramfs...
[    0.644932] Freeing initrd memory: 14884K
[    0.645635] clocksource: tsc: mask: 0xffffffffffffffff max_cycles: 0x2135f03f510, max_idle_ns: 440795242567 ns
[    0.646973] platform rtc_cmos: registered platform RTC device (no PNP device found)
[    0.648027] Scanning for low memory corruption every 60 seconds
[    0.649214] audit: initializing netlink subsys (disabled)
[    0.649932] audit: type=2000 audit(1617035145.052:1): initialized
[    0.650938] Initialise system trusted keyring
[    0.651738] HugeTLB registered 2 MB page size, pre-allocated 0 pages
[    0.653495] zbud: loaded
[    0.654176] VFS: Disk quotas dquot_6.6.0
[    0.654760] VFS: Dquot-cache hash table entries: 512 (order 0, 4096 bytes)
[    0.655767] squashfs: version 4.0 (2009/01/31) Phillip Lougher
[    0.656777] fuse init (API version 7.23)
[    0.657464] Key type big_key registered
[    0.658039] Allocating IMA MOK and blacklist keyrings.
[    0.659474] Key type asymmetric registered
[    0.660032] Asymmetric key parser 'x509' registered
[    0.660727] Block layer SCSI generic (bsg) driver version 0.4 loaded (major 249)
[    0.661760] io scheduler noop registered
[    0.662321] io scheduler deadline registered (default)
[    0.663021] io scheduler cfq registered
[    0.663640] pci_hotplug: PCI Hot Plug PCI Core version: 0.5
[    0.664361] pciehp: PCI Express Hot Plug Controller Driver version: 0.4
[    0.665290] ACPI: AC Adapter [AC] (on-line)
[    0.665910] input: Power Button as /devices/LNXSYSTM:00/LNXPWRBN:00/input/input0
[    0.666951] ACPI: Power Button [PWRF]
[    0.667535] input: Sleep Button as /devices/LNXSYSTM:00/LNXSLPBN:00/input/input1
[    0.668601] ACPI: Sleep Button [SLPF]
[    0.669331] GHES: HEST is not enabled!
[    0.669790] ACPI: Battery Slot [BAT0] (battery present)
[    0.670657] Serial: 8250/16550 driver, 32 ports, IRQ sharing enabled
[    0.691776] 00:02: ttyS0 at I/O 0x3f8 (irq = 4, base_baud = 115200) is a 16550A
[    0.694639] Linux agpgart interface v0.103
[    0.696395] loop: module loaded
[    0.697253] scsi host0: ata_piix
[    0.697883] scsi host1: ata_piix
[    0.698415] ata1: PATA max UDMA/33 cmd 0x1f0 ctl 0x3f6 bmdma 0xd000 irq 14
[    0.699286] ata2: PATA max UDMA/33 cmd 0x170 ctl 0x376 bmdma 0xd008 irq 15
[    0.700154] libphy: Fixed MDIO Bus: probed
[    0.700938] tun: Universal TUN/TAP device driver, 1.6
[    0.701615] tun: (C) 1999-2004 Max Krasnyansky <maxk@qualcomm.com>
[    0.702552] PPP generic driver version 2.4.2
[    0.703247] ehci_hcd: USB 2.0 'Enhanced' Host Controller (EHCI) Driver
[    0.704050] ehci-pci: EHCI PCI platform driver
[    0.704687] ehci-platform: EHCI generic platform driver
[    0.705348] ohci_hcd: USB 1.1 'Open' Host Controller (OHCI) Driver
[    0.706093] ohci-pci: OHCI PCI platform driver
[    0.706701] ohci-platform: OHCI generic platform driver
[    0.707364] uhci_hcd: USB Universal Host Controller Interface driver
[    0.708208] i8042: PNP: PS/2 Controller [PNP0303:PS2K,PNP0f03:PS2M] at 0x60,0x64 irq 1,12
[    0.709649] serio: i8042 KBD port at 0x60,0x64 irq 1
[    0.710308] serio: i8042 AUX port at 0x60,0x64 irq 12
[    0.711178] mousedev: PS/2 mouse device common for all mice
[    0.712186] input: AT Translated Set 2 keyboard as /devices/platform/i8042/serio0/input/input2
[    0.713679] rtc_cmos rtc_cmos: rtc core: registered rtc_cmos as rtc0
[    0.714486] rtc_cmos rtc_cmos: alarms up to one day, 114 bytes nvram
[    0.715305] i2c /dev entries driver
[    0.715857] device-mapper: uevent: version 1.0.3
[    0.716642] device-mapper: ioctl: 4.34.0-ioctl (2015-10-28) initialised: dm-devel@redhat.com
[    0.717767] ledtrig-cpu: registered to indicate activity on CPUs
[    0.718806] NET: Registered protocol family 10
[    0.719605] NET: Registered protocol family 17
[    0.720291] Key type dns_resolver registered
[    0.721308] registered taskstats version 1
[    0.721923] Loading compiled-in X.509 certificates
[    0.722989] Loaded X.509 cert 'Build time autogenerated kernel key: 7d89d4973e8e82529e7123890c54abbb198c4f27'
[    0.724297] zswap: loaded using pool lzo/zbud
[    0.726255] Key type trusted registered
[    0.729483] Key type encrypted registered
[    0.730065] AppArmor: AppArmor sha1 policy hashing enabled
[    0.730835] ima: No TPM chip found, activating TPM-bypass!
[    0.731595] ima: Allocated hash algorithm: sha1
[    0.732262] evm: HMAC attrs: 0x1
[    0.733150]   Magic number: 13:233:440
[    0.733750] clockevents broadcast: hash matches
[    0.734465] rtc_cmos rtc_cmos: setting system clock to 2021-03-29 16:25:39 UTC (1617035139)
[    0.735733] BIOS EDD facility v0.16 2004-Jun-25, 0 devices found
[    0.736535] EDD information not available.
[    1.312016] Freeing unused kernel memory: 1496K
[    1.313477] Write protecting the kernel read-only data: 14336k
[    1.315872] Freeing unused kernel memory: 1588K
[    1.317336] Freeing unused kernel memory: 52K
Loading, please wait...
starting version 229
[    1.332892] random: systemd-udevd: uninitialized urandom read (16 bytes read, 3 bits of entropy available)
[    1.333436] random: udevadm: uninitialized urandom read (16 bytes read, 3 bits of entropy available)
[    1.333462] random: udevadm: uninitialized urandom read (16 bytes read, 3 bits of entropy available)
[    1.337193] random: systemd-udevd: uninitialized urandom read (16 bytes read, 3 bits of entropy available)
[    1.338497] random: systemd-udevd: uninitialized urandom read (16 bytes read, 3 bits of entropy available)
[    1.339807] random: udevadm: uninitialized urandom read (16 bytes read, 3 bits of entropy available)
[    1.339848] random: udevadm: uninitialized urandom read (16 bytes read, 3 bits of entropy available)
[    1.339959] random: udevadm: uninitialized urandom read (16 bytes read, 3 bits of entropy available)
[    1.340004] random: udevadm: uninitialized urandom read (16 bytes read, 3 bits of entropy available)
[    1.340049] random: udevadm: uninitialized urandom read (16 bytes read, 3 bits of entropy available)
[    1.379807] e1000: Intel(R) PRO/1000 Network Driver - version 7.3.21-k8-NAPI
[    1.380768] e1000: Copyright (c) 1999-2006 Intel Corporation.
[    1.384063] Fusion MPT base driver 3.04.20
[    1.384817] Copyright (c) 1999-2008 LSI Corporation
[    1.405811] Fusion MPT SPI Host driver 3.04.20
[    1.408095] AVX2 version of gcm_enc/dec engaged.
[    1.408825] AES CTR mode by8 optimization enabled
[    1.599302] input: ImExPS/2 Generic Explorer Mouse as /devices/platform/i8042/serio1/input/input4
[    1.718843] e1000 0000:00:03.0 eth0: (PCI:33MHz:32-bit) 02:96:8e:bc:5b:f3
[    1.719756] e1000 0000:00:03.0 eth0: Intel(R) PRO/1000 Network Connection
[    1.721178] mptbase: ioc0: Initiating bringup
[    1.721685] e1000 0000:00:03.0 enp0s3: renamed from eth0
[    1.782800] ioc0: LSI53C1030 A0: Capabilities={Initiator}
[    1.949719] scsi host2: ioc0: LSI53C1030 A0, FwRev=00000000h, Ports=1, MaxQ=256, IRQ=20
[    2.073159] scsi 2:0:0:0: Direct-Access     VBOX     HARDDISK         1.0  PQ: 0 ANSI: 5
[    2.078629] scsi target2:0:0: Beginning Domain Validation
[    2.080211] scsi target2:0:0: Domain Validation skipping write tests
[    2.081118] scsi target2:0:0: Ending Domain Validation
[    2.081890] scsi target2:0:0: asynchronous
[    2.082820] scsi 2:0:1:0: Direct-Access     VBOX     HARDDISK         1.0  PQ: 0 ANSI: 5
[    2.084045] scsi target2:0:1: Beginning Domain Validation
[    2.085620] scsi target2:0:1: Domain Validation skipping write tests
[    2.093182] scsi target2:0:1: Ending Domain Validation
[    2.093981] scsi target2:0:1: asynchronous
[    2.100236] sd 2:0:0:0: [sda] 83886080 512-byte logical blocks: (42.9 GB/40.0 GiB)
[    2.100509] sd 2:0:0:0: Attached scsi generic sg0 type 0
[    2.100671] sd 2:0:1:0: Attached scsi generic sg1 type 0
[    2.101318] sd 2:0:1:0: [sdb] 20480 512-byte logical blocks: (10.5 MB/10.0 MiB)
[    2.101587] sd 2:0:1:0: [sdb] Write Protect is off
[    2.101774] sd 2:0:1:0: [sdb] Incomplete mode parameter data
[    2.101775] sd 2:0:1:0: [sdb] Assuming drive cache: write through
[    2.104081] sd 2:0:1:0: [sdb] Attached SCSI disk
[    2.107161] sd 2:0:0:0: [sda] Write Protect is off
[    2.107926] sd 2:0:0:0: [sda] Incomplete mode parameter data
[    2.108673] sd 2:0:0:0: [sda] Assuming drive cache: write through
[    2.111252]  sda: sda1
[    2.112007] sd 2:0:0:0: [sda] Attached SCSI disk
Begin: Loading essential drivers ... [    3.391722] md: linear personality registered for level -1
[    3.395089] md: multipath personality registered for level -4
[    3.397589] md: raid0 personality registered for level 0
[    3.400978] md: raid1 personality registered for level 1
[    3.490333] raid6: sse2x1   gen() 15715 MB/s
[    3.566422] raid6: sse2x1   xor() 11680 MB/s
[    3.634305] raid6: sse2x2   gen() 16937 MB/s
[    3.706439] raid6: sse2x2   xor() 12662 MB/s
[    3.786089] raid6: sse2x4   gen() 22887 MB/s
[    3.862319] raid6: sse2x4   xor() 15000 MB/s
[    3.933997] raid6: avx2x1   gen() 25799 MB/s
[    4.016109] raid6: avx2x2   gen() 38507 MB/s
[    4.082698] raid6: avx2x4   gen() 35161 MB/s
[    4.083319] raid6: using algorithm avx2x2 gen() 38507 MB/s
[    4.084004] raid6: using avx2x2 recovery algorithm
[    4.085710] xor: automatically using best checksumming function:
[    4.126333]    avx       : 26037.000 MB/sec
[    4.127793] async_tx: api initialized (async)
[    4.134418] md: raid6 personality registered for level 6
[    4.135111] md: raid5 personality registered for level 5
[    4.135808] md: raid4 personality registered for level 4
[    4.141697] md: raid10 personality registered for level 10
done.
Begin: Running /scripts/init-premount ... done.
Begin: Mounting root file system ... Begin: Running /scripts/local-top ... done.
Begin: Running /scripts/local-premount ... [    4.164505] Btrfs loaded
Scanning for Btrfs filesystems
done.
Warning: fsck not present, so skipping root file system
[    4.239914] EXT4-fs (sda1): mounted filesystem with ordered data mode. Opts: (null)
done.
Begin: Running /scripts/local-bottom ... done.
Begin: Running /scripts/init-bottom ... done.
[    5.161382] systemd[1]: systemd 229 running in system mode. (+PAM +AUDIT +SELINUX +IMA +APPARMOR +SMACK +SYSVINIT +UTMP +LIBCRYPTSETUP +GCRYPT +GNUTLS +ACL +XZ -LZ4 +SECCOMP +BLKID +ELFUTILS +KMOD -IDN)
[    5.163972] systemd[1]: Detected virtualization oracle.
[    5.164711] systemd[1]: Detected architecture x86-64.

Welcome to [1mUbuntu 16.04.7 LTS[0m!

[    5.266206] systemd[1]: Set hostname to <ubuntu-xenial>.
[    5.342005] random: nonblocking pool is initialized
[    6.421329] systemd[1]: Listening on Device-mapper event daemon FIFOs.
[[0;32m  OK  [0m] Listening on Device-mapper event daemon FIFOs.
[    6.428204] systemd[1]: Reached target Encrypted Volumes.
[[0;32m  OK  [0m] Reached target Encrypted Volumes.
[    6.434009] systemd[1]: Listening on LVM2 metadata daemon socket.
[[0;32m  OK  [0m] Listening on LVM2 metadata daemon socket.
[    6.440362] systemd[1]: Listening on udev Kernel Socket.
[[0;32m  OK  [0m] Listening on udev Kernel Socket.
[    6.446059] systemd[1]: Listening on udev Control Socket.
[[0;32m  OK  [0m] Listening on udev Control Socket.
[    6.450251] systemd[1]: Listening on Journal Audit Socket.
[[0;32m  OK  [0m] Listening on Journal Audit Socket.
[    6.453640] systemd[1]: Listening on Journal Socket (/dev/log).
[[0;32m  OK  [0m] Listening on Journal Socket (/dev/log).
[    6.456737] systemd[1]: Reached target System Time Synchronized.
[[0;32m  OK  [0m] Reached target System Time Synchronized.
[    6.459424] systemd[1]: Listening on Journal Socket.
[[0;32m  OK  [0m] Listening on Journal Socket.
[    6.461742] systemd[1]: Listening on Syslog Socket.
[[0;32m  OK  [0m] Listening on Syslog Socket.
[    6.463686] systemd[1]: Listening on LVM2 poll daemon socket.
[[0;32m  OK  [0m] Listening on LVM2 poll daemon socket.
[    6.465795] systemd[1]: Listening on /dev/initctl Compatibility Named Pipe.
[[0;32m  OK  [0m] Listening on /dev/initctl Compatibility Named Pipe.
[    6.468072] systemd[1]: Started Forward Password Requests to Wall Directory Watch.
[[0;32m  OK  [0m] Started Forward Password Requests to Wall Directory Watch.
[    6.472284] systemd[1]: Listening on fsck to fsckd communication Socket.
[[0;32m  OK  [0m] Listening on fsck to fsckd communication Socket.
[    6.474191] systemd[1]: Created slice User and Session Slice.
[[0;32m  OK  [0m] Created slice User and Session Slice.
[    6.475990] systemd[1]: Created slice System Slice.
[[0;32m  OK  [0m] Created slice System Slice.
[    6.477230] systemd[1]: Reached target Slices.
[[0;32m  OK  [0m] Reached target Slices.
[    6.490869] systemd[1]: Starting Uncomplicated firewall...
         Starting Uncomplicated firewall...
[    6.531073] systemd[1]: Starting Load Kernel Modules...
         Starting Load Kernel Modules...
[    6.538898] systemd[1]: Mounting POSIX Message Queue File System...
         Mounting POSIX Message Queue File System...
[    6.546247] systemd[1]: Created slice system-serial\x2dgetty.slice.
[[0;32m  OK  [0m] Created slice system-serial\x2dgetty.slice.
[    6.557155] systemd[1]: Starting Nameserver information manager...
         Starting Nameserver information manager...
[    6.562362] systemd[1]: Mounting Huge Pages File System...
         Mounting Huge Pages File System...
[    6.566290] systemd[1]: Starting Set console keymap...
         Starting Set console keymap...
[    6.570621] systemd[1]: Mounting Debug File System...
         Mounting Debug File System...

    6.573324] Loading iSCSI transport class v2.0-870.
[    6.574372] systemd[1]: Starting Monitoring of LVM2 mirrors, snapshots etc. using dmeventd or progress polling...
         Starting Monitoring of LVM2 mirrors... dmeventd or progress polling...
[    6.583122] systemd[1]: Starting Create list of required static device nodes for the current kernel...
         Starting Create list of required st... nodes for the current kernel...
[    6.586001] systemd[1]: Set up automount Arbitrary Executable File Formats File System Automount Point.
[[0;32m  OK  [0m] Set up automount Arbitrary Executab...ats File System Automount Point.
[    6.588617] systemd[1]: Reached target Swap.
[[0;32m  OK  [0m] Reached target Swap.
[    6.622512] systemd[1]: Starting File System Check on Root Device...
         Starting File System Check on Root Device...
[    6.624032] systemd[1]: Reached target User and Group Name Lookups.
[[0;32m  OK  [0m] Reached target User and Group Name Lookups.
[    6.625635] systemd[1]: Started Trigger resolvconf update for networkd DNS.
[[0;32m  OK  [0m] Started Trigger resolvconf update for networkd DNS.
[    6.628144] systemd[1]: Starting Journal Service...
         Starting Journal Service...
[    6.635932] systemd[1]: Started Uncomplicated firewall.
[[0;32m  OK  [0m] Started Uncomplicated firewall.
[    6.643497] systemd[1]: Started File System Check Daemon to report status.
[[0;32m  OK  [0m] Started File System Check Daemon to report status.
[    6.647231] iscsi: registered transport (tcp)
[    6.667104] systemd[1]: Started Create list of required static device nodes for the current kernel.
[[0;32m  OK  [0m] Started Create list of required sta...ce nodes for the current kernel.
[    6.687116] systemd[1]: Starting Create Static Device Nodes in /dev...
         Starting Create Static Device Nodes in /dev...
[    6.847257] systemd[1]: Mounted POSIX Message Queue File System.
[[0;32m  OK  [0m] Mounted POSIX Message Queue File System.
[    6.854106] systemd[1]: Mounted Huge Pages File System.
[[0;32m  OK  [0m] Mounted Huge Pages File System.
[    6.861733] systemd[1]: Mounted Debug File System.
[[0;32m  OK  [0m] Mounted Debug File System.
[    6.916621] systemd[1]: Started Nameserver information manager.
[[0;32m  OK  [0m] Started Nameserver information manager.
[    6.926019] systemd[1]: Started Journal Service.
[    6.926084] iscsi: registered transport (iser)
[[0;32m  OK  [0m] Started Journal Service.
[[0;32m  OK  [0m] Started Load Kernel Modules.
[[0;32m  OK  [0m] Started LVM2 metadata daemon.
         Starting Apply Kernel Variables...
         Mounting FUSE Control File System...
[[0;32m  OK  [0m] Mounted FUSE Control File System.
[[0;32m  OK  [0m] Started Apply Kernel Variables.
[[0;32m  OK  [0m] Started File System Check on Root Device.
         Starting Remount Root and Kernel File Systems...
[[0;32m  OK  [0m] Started Set console keymap.
[[0;32m  OK  [0m] Started Create Static Device Nodes in /dev.
         Starting udev Kernel Device Manager...
[[0;32m  OK  [0m] Started Remount Root and Kernel File Systems.
         Starting Load/Save Random Seed...
         Starting udev Coldplug all Devices...
         Starting Flush Journal to Persistent Storage...
[[0;32m  OK  [0m] Started udev Coldplug all Devices.
[[0;32m  OK  [0m] Started Flush Journal to Persistent Storage.
[[0;32m  OK  [0m] Started Load/Save Random Seed.
[[0;32m  OK  [0m] Started Monitoring of LVM2 mirrors,...ng dmeventd or progress polling.
[[0;32m  OK  [0m] Reached target Local File Systems (Pre).
[[0;32m  OK  [0m] Reached target Local File Systems.
         Starting Create Volatile Files and Directories...
         Starting LSB: AppArmor initialization...
         Starting Initial cloud-init job (pre-networking)...
         Starting Set console font and keymap...
         Starting Tell Plymouth To Write Out Runtime Data...
         Mounting /vagrant...
[[0;32m  OK  [0m] Started udev Kernel Device Manager.
[[0;32m  OK  [0m] Started Tell Plymouth To Write Out Runtime Data.
[[0;32m  OK  [0m] Started Dispatch Password Requests to Console Directory Watch.
[[0;1;31mFAILED[0m] Failed to mount /vagrant.
See 'systemctl status vagrant.mount' for details.
[[0;32m  OK  [0m] Found device /dev/ttyS0.
[[0;32m  OK  [0m] Listening on Load/Save RF Kill Switch Status /dev/rfkill Watch.
[[0;32m  OK  [0m] Found device 82540EM Gigabit Ethern...r (PRO/1000 MT Desktop Adapter).
[[0;32m  OK  [0m] Started Set console font and keymap.
[[0;32m  OK  [0m] Created slice system-getty.slice.
[[0;32m  OK  [0m] Started Create Volatile Files and Directories.
         Starting Update UTMP about System Boot/Shutdown...
[[0;32m  OK  [0m] Started Update UTMP about System Boot/Shutdown.
[[0;32m  OK  [0m] Started LSB: AppArmor initialization.
         Starting Load AppArmor profiles managed internally by snapd...
[[0;32m  OK  [0m] Started Load AppArmor profiles managed internally by snapd.
[   11.858728] cloud-init[476]: Cloud-init v. 20.4.1-0ubuntu1~16.04.1 running 'init-local' at Mon, 29 Mar 2021 16:25:50 +0000. Up 11.22 seconds.
[[0;32m  OK  [0m] Started Initial cloud-init job (pre-networking).
[[0;32m  OK  [0m] Reached target Network (Pre).
         Starting Raise network interfaces...
[[0;32m  OK  [0m] Started ifup for enp0s3.
[[0;32m  OK  [0m] Started Raise network interfaces.
[[0;32m  OK  [0m] Reached target Network.
         Starting Initial cloud-init job (metadata service crawler)...
[   12.944287] cloud-init[985]: Cloud-init v. 20.4.1-0ubuntu1~16.04.1 running 'init' at Mon, 29 Mar 2021 16:25:51 +0000. Up 12.34 seconds.
[   12.945812] cloud-init[985]: ci-info: ++++++++++++++++++++++++++++++++++++++Net device info++++++++++++++++++++++++++++++++++++++
[   12.947180] cloud-init[985]: ci-info: +--------+------+----------------------------+---------------+--------+-------------------+
[   12.948408] cloud-init[985]: ci-info: | Device |  Up  |          Address           |      Mask     | Scope  |     Hw-Address    |
[   12.949591] cloud-init[985]: ci-info: +--------+------+----------------------------+---------------+--------+-------------------+
[   12.950825] cloud-init[985]: ci-info: | enp0s3 | True |         10.0.2.15          | 255.255.255.0 | global | 02:96:8e:bc:5b:f3 |
[   12.952038] cloud-init[985]: ci-info: | enp0s3 | True | fe80::96:8eff:febc:5bf3/64 |       .       |  link  | 02:96:8e:bc:5b:f3 |
[   12.953235] cloud-init[985]: ci-info: |   lo   | True |         127.0.0.1          |   255.0.0.0   |  host  |         .         |
[   12.954430] cloud-init[985]: ci-info: |   lo   | True |          ::1/128           |       .       |  host  |         .         |
[   12.955294] cloud-init[985]: ci-info: +--------+------+----------------------------+---------------+--------+-------------------+
[   12.956163] cloud-init[985]: ci-info: +++++++++++++++++++++++++++Route IPv4 info++++++++++++++++++++++++++++
[   12.957237] cloud-init[985]: ci-info: +-------+-------------+----------+---------------+-----------+-------+
[   12.958376] cloud-init[985]: ci-info: | Route | Destination | Gateway  |    Genmask    | Interface | Flags |
[   12.959450] cloud-init[985]: ci-info: +-------+-------------+----------+---------------+-----------+-------+
[   12.960523] cloud-init[985]: ci-info: |   0   |   0.0.0.0   | 10.0.2.2 |    0.0.0.0    |   enp0s3  |   UG  |
[   12.961544] cloud-init[985]: ci-info: |   1   |   10.0.2.0  | 0.0.0.0  | 255.255.255.0 |   enp0s3  |   U   |
[   12.962612] cloud-init[985]: ci-info: +-------+-------------+----------+---------------+-----------+-------+
[   12.963634] cloud-init[985]: ci-info: +++++++++++++++++++Route IPv6 info+++++++++++++++++++
[   12.964571] cloud-init[985]: ci-info: +-------+-------------+---------+-----------+-------+
[   12.965493] cloud-init[985]: ci-info: | Route | Destination | Gateway | Interface | Flags |
[   12.966478] cloud-init[985]: ci-info: +-------+-------------+---------+-----------+-------+
[   12.967392] cloud-init[985]: ci-info: |   0   |  fe80::/64  |    ::   |   enp0s3  |   U   |
[   12.968381] cloud-init[985]: ci-info: |   3   |   ff00::/8  |    ::   |   enp0s3  |   U   |
[   12.969301] cloud-init[985]: ci-info: +-------+-------------+---------+-----------+-------+
[[0;32m  OK  [0m] Started Initial cloud-init job (metadata service crawler).
[[0;32m  OK  [0m] Reached target System Initialization.
[[0;32m  OK  [0m] Listening on D-Bus System Message Bus Socket.
[[0;32m  OK  [0m] Listening on ACPID Listen Socket.
[[0;32m  OK  [0m] Started ACPI Events Check.
[[0;32m  OK  [0m] Reached target Paths.
[[0;32m  OK  [0m] Started Daily apt download activities.
[[0;32m  OK  [0m] Listening on UUID daemon activation socket.
[[0;32m  OK  [0m] Started Message of the Day.
         Starting LXD - unix socket.
[[0;32m  OK  [0m] Started Daily Cleanup of Temporary Directories.
[[0;32m  OK  [0m] Started Daily apt upgrade and clean activities.
[[0;32m  OK  [0m] Reached target Timers.
         Starting Socket activation for snappy daemon.
[[0;32m  OK  [0m] Reached target Cloud-config availability.
[[0;32m  OK  [0m] Reached target Network is Online.
         Starting iSCSI initiator daemon (iscsid)...
[[0;32m  OK  [0m] Listening on LXD - unix socket.
[[0;32m  OK  [0m] Listening on Socket activation for snappy daemon.
[[0;32m  OK  [0m] Reached target Sockets.
[[0;32m  OK  [0m] Reached target Basic System.
         Starting Login Service...
         Starting /etc/rc.local Compatibility...
[[0;32m  OK  [0m] Started Regular background program processing daemon.
         Starting Snap Daemon...
[[0;32m  OK  [0m] Started D-Bus System Message Bus.
[[0;32m  OK  [0m] Started ACPI event daemon.
[[0;32m  OK  [0m] Started Deferred execution scheduler.
         Starting OpenBSD Secure Shell server...
         Starting LSB: Record successful boot for GRUB...
         Starting LSB: MD monitoring daemon...
         Starting Virtualbox guest utils...
[[0;32m  OK  [0m] Started FUSE filesystem for LXC.
         Starting Accounts Service...
         Starting System Logging Service...
         Starting LXD - container startup/shutdown...
[[0;32m  OK  [0m] Started /etc/rc.local Compatibility.
[[0;32m  OK  [0m] Started Login Service.
[[0;32m  OK  [0m] Started Unattended Upgrades Shutdown.
[[0;32m  OK  [0m] Started LSB: Record successful boot for GRUB.
[[0;32m  OK  [0m] Started iSCSI initiator daemon (iscsid).
         Starting Login to default iSCSI targets...
[[0;32m  OK  [0m] Started LSB: MD monitoring daemon.
[[0;32m  OK  [0m] Started System Logging Service.
[[0;32m  OK  [0m] Started Login to default iSCSI targets.
[[0;32m  OK  [0m] Reached target Remote File Systems (Pre).
[[0;32m  OK  [0m] Reached target Remote File Systems.
         Starting LSB: automatic crash report generation...
         Starting LSB: daemon to balance interrupts for SMP systems...
         Starting Permit User Sessions...
         Starting LSB: Set the CPU Frequency Scaling governor to "ondemand"...
[[0;32m  OK  [0m] Started LSB: Set the CPU Frequency Scaling governor to "ondemand".
[[0;32m  OK  [0m] Started Permit User Sessions.
         Starting Hold until boot process finishes up...
         Starting Terminate Plymouth Boot Screen...
[[0;32m  OK  [0m] Started Hold until boot process finishes up.
[[0;32m  OK  [0m] Started Serial Getty on ttyS0.
         Starting Set console scheme...
[[0;32m  OK  [0m] Started Getty on tty1.
[[0;32m  OK  [0m] Reached target Login Prompts.
[[0;32m  OK  [0m] Started Terminate Plymouth Boot Screen.
[[0;32m  OK  [0m] Started Set console scheme.
[[0;32m  OK  [0m] Started LSB: daemon to balance interrupts for SMP systems.
         Starting Authenticate and Authorize Users to Run Privileged Tasks...
[[0;32m  OK  [0m] Started LSB: automatic crash report generation.
[[0;32m  OK  [0m] Started Authenticate and Authorize Users to Run Privileged Tasks.
[[0;32m  OK  [0m] Started Accounts Service.
[[0;32m  OK  [0m] Started Virtualbox guest utils.
[[0;32m  OK  [0m] Started OpenBSD Secure Shell server.
[[0;32m  OK  [0m] Started Snap Daemon.
         Starting Wait until snapd is fully seeded...
[[0;32m  OK  [0m] Started LXD - container startup/shutdown.
[[0;32m  OK  [0m] Started Wait until snapd is fully seeded.
         Starting Apply the settings specified in cloud-config...
[[0;32m  OK  [0m] Reached target Multi-User System.
[[0;32m  OK  [0m] Reached target Graphical Interface.
         Starting Update UTMP about System Runlevel Changes...
[[0;32m  OK  [0m] Started Update UTMP about System Runlevel Changes.
[   16.674819] cloud-init[1239]: Cloud-init v. 20.4.1-0ubuntu1~16.04.1 running 'modules:config' at Mon, 29 Mar 2021 16:25:55 +0000. Up 16.40 seconds.
[[0;32m  OK  [0m] Started Apply the settings specified in cloud-config.
         Starting Execute cloud user/final scripts...
[   17.169149] cloud-init[1252]: Cloud-init v. 20.4.1-0ubuntu1~16.04.1 running 'modules:final' at Mon, 29 Mar 2021 16:25:55 +0000. Up 16.90 seconds.
[   17.170862] cloud-init[1252]: Cloud-init v. 20.4.1-0ubuntu1~16.04.1 finished at Mon, 29 Mar 2021 16:25:56 +0000. Datasource DataSourceNoCloud [seed=/dev/sdb][dsmode=net].  Up 17.16 seconds
[[0;32m  OK  [0m] Started Execute cloud user/final scripts.
[[0;32m  OK  [0m] Reached target Cloud-init target.

Ubuntu 16.04.7 LTS ubuntu-xenial ttyS0

ubuntu-xenial login: 